Removed Pin From Net: NetName=NetB_1 Pin=B-1
Removed Pin From Net: NetName=GND Pin=B-2
Removed Pin From Net: NetName=NetG_1 Pin=G-1
Removed Pin From Net: NetName=GND Pin=G-2
Removed Pin From Net: NetName=NetR6_1 Pin=R6-1
Removed Pin From Net: NetName=LED-B Pin=R6-2
Removed Pin From Net: NetName=NetG_1 Pin=R7-1
Removed Pin From Net: NetName=LED-G Pin=R7-2
Removed Pin From Net: NetName=NetB_1 Pin=R8-1
Removed Pin From Net: NetName=LED-R Pin=R8-2
Removed Pin From Net: NetName=NetR6_1 Pin=R-1
Removed Pin From Net: NetName=GND Pin=R-2
Added Pin To Net: NetName=LED-R Pin=B-1
Added Pin To Net: NetName=NetB_1 Pin=B-2
Added Pin To Net: NetName=LED-G Pin=G-1
Added Pin To Net: NetName=NetG_1 Pin=G-2
Added Pin To Net: NetName=GND Pin=R6-1
Added Pin To Net: NetName=NetR6_1 Pin=R6-2
Added Pin To Net: NetName=GND Pin=R7-1
Added Pin To Net: NetName=NetG_1 Pin=R7-2
Added Pin To Net: NetName=GND Pin=R8-1
Added Pin To Net: NetName=NetB_1 Pin=R8-2
Added Pin To Net: NetName=LED-B Pin=R-1
Added Pin To Net: NetName=NetR6_1 Pin=R-2
Change Net Name : Old Net Name=NetB_1 New Net Name=NetB_2
Change Net Name : Old Net Name=NetG_1 New Net Name=NetG_2
Change Net Name : Old Net Name=NetR6_1 New Net Name=NetR6_2
